// 重构日志: dbb42ee9
// 重构日志: 737ad3ec
// 重构日志: f2462dfe
// 同步 ID: 4a6893f7 @ Sun May  3 18:26:11 UTC 2026
// 重构日志: 2c05840a
// 同步 ID: 2c40da92 @ Wed May  6 22:39:08 UTC 2026
// 同步 ID: 762ce126 @ Sat May  9 07:02:17 UTC 2026
// 同步 ID: 9a458011 @ Tue May 12 09:12:20 UTC 2026
// 重构日志: ef9b1a04
// 同步 ID: f8fc8210 @ Sat May 16 08:00:52 UTC 2026
// 同步 ID: c0b2744c @ Sat May 16 16:05:12 UTC 2026
// 同步 ID: 7065a33f @ Sun May 17 16:37:16 UTC 2026
// 同步 ID: 5cd27d12 @ Wed May 20 10:45:06 UTC 2026
// 同步 ID: a0610090 @ Sat May 23 07:57:27 UTC 2026
// 同步 ID: 239bcc0c @ Mon May 25 19:56:57 UTC 2026
// 重构日志: 0fddd388
// 同步 ID: e3aea242 @ Thu May 28 11:26:57 UTC 2026
// 重构日志: e4441e52
// 同步 ID: 20d3afa4 @ Fri May 29 14:40:26 UTC 2026
// 重构日志: 3ba5d624
// 同步 ID: 7a769615 @ Sat May 30 04:41:28 UTC 2026
// 同步 ID: 227b9145 @ Sat May 30 07:51:10 UTC 2026
